# JRE version: Java(TM) SE Runtime Environment (8.0_60-b27) (build 1.8.0_60-b27)
# Java VM: Java HotSpot(TM) 64-Bit Server VM (25.60-b23 mixed mode linux-amd64 compressed oops)
Heap:
 PSYoungGen      total 132096K, used 9416K [0x00000000ec000000, 0x00000000f5100000, 0x0000000100000000)
  eden space 119296K, 0% used [0x00000000ec000000,0x00000000ec000000,0x00000000f3480000)
  from space 12800K, 73% used [0x00000000f3480000,0x00000000f3db22f8,0x00000000f4100000)
  to   space 9216K, 0% used [0x00000000f4100000,0x00000000f4100000,0x00000000f4a00000)
 ParOldGen       total 40960K, used 17343K [0x00000000c4000000, 0x00000000c6800000, 0x00000000ec000000)
  object space 40960K, 42% used [0x00000000c4000000,0x00000000c50effb0,0x00000000c6800000)
 Metaspace       used 20723K, capacity 21114K, committed 21296K, reserved 1069056K
  class space    used 2494K, capacity 2637K, committed 2688K, reserved 1048576K
GC Heap History (10 events):
Event: 0,617 GC heap after
Heap after GC invocations=2 (full 0):
 PSYoungGen      total 33280K, used 2551K [0x00000000ec000000, 0x00000000ee300000, 0x0000000100000000)
  eden space 30720K, 0% used [0x00000000ec000000,0x00000000ec000000,0x00000000ede00000)
  from space 2560K, 99% used [0x00000000ee080000,0x00000000ee2fdf00,0x00000000ee300000)
  to   space 2560K, 0% used [0x00000000ede00000,0x00000000ede00000,0x00000000ee080000)
 ParOldGen       total 40960K, used 518K [0x00000000c4000000, 0x00000000c6800000, 0x00000000ec000000)
  object space 40960K, 1% used [0x00000000c4000000,0x00000000c4081ad0,0x00000000c6800000)
 Metaspace       used 7577K, capacity 7756K, committed 7936K, reserved 1056768K
  class space    used 943K, capacity 1016K, committed 1024K, reserved 1048576K
}
Event: 1,024 GC heap before
{Heap before GC invocations=3 (full 0):
 PSYoungGen      total 33280K, used 33271K [0x00000000ec000000, 0x00000000ee300000, 0x0000000100000000)
  eden space 30720K, 100% used [0x00000000ec000000,0x00000000ede00000,0x00000000ede00000)
  from space 2560K, 99% used [0x00000000ee080000,0x00000000ee2fdf00,0x00000000ee300000)
  to   space 2560K, 0% used [0x00000000ede00000,0x00000000ede00000,0x00000000ee080000)
 ParOldGen       total 40960K, used 518K [0x00000000c4000000, 0x00000000c6800000, 0x00000000ec000000)
  object space 40960K, 1% used [0x00000000c4000000,0x00000000c4081ad0,0x00000000c6800000)
 Metaspace       used 10811K, capacity 10958K, committed 11264K, reserved 1058816K
  class space    used 1348K, capacity 1443K, committed 1536K, reserved 1048576K
Event: 1,031 GC heap after
Heap after GC invocations=3 (full 0):
 PSYoungGen      total 33280K, used 2560K [0x00000000ec000000, 0x00000000f0100000, 0x0000000100000000)
  eden space 30720K, 0% used [0x00000000ec000000,0x00000000ec000000,0x00000000ede00000)
  from space 2560K, 100% used [0x00000000ede00000,0x00000000ee080000,0x00000000ee080000)
  to   space 2560K, 0% used [0x00000000efe80000,0x00000000efe80000,0x00000000f0100000)
 ParOldGen       total 40960K, used 4075K [0x00000000c4000000, 0x00000000c6800000, 0x00000000ec000000)
  object space 40960K, 9% used [0x00000000c4000000,0x00000000c43faed0,0x00000000c6800000)
 Metaspace       used 10811K, capacity 10958K, committed 11264K, reserved 1058816K
  class space    used 1348K, capacity 1443K, committed 1536K, reserved 1048576K
}
Event: 1,912 GC heap before
{Heap before GC invocations=4 (full 0):
 PSYoungGen      total 33280K, used 33280K [0x00000000ec000000, 0x00000000f0100000, 0x0000000100000000)
  eden space 30720K, 100% used [0x00000000ec000000,0x00000000ede00000,0x00000000ede00000)
  from space 2560K, 100% used [0x00000000ede00000,0x00000000ee080000,0x00000000ee080000)
  to   space 2560K, 0% used [0x00000000efe80000,0x00000000efe80000,0x00000000f0100000)
 ParOldGen       total 40960K, used 4075K [0x00000000c4000000, 0x00000000c6800000, 0x00000000ec000000)
  object space 40960K, 9% used [0x00000000c4000000,0x00000000c43faed0,0x00000000c6800000)
 Metaspace       used 14180K, capacity 14374K, committed 14720K, reserved 1062912K
  class space    used 1748K, capacity 1841K, committed 1920K, reserved 1048576K
Event: 1,925 GC heap after
Heap after GC invocations=4 (full 0):
 PSYoungGen      total 64000K, used 2560K [0x00000000ec000000, 0x00000000f0100000, 0x0000000100000000)
  eden space 61440K, 0% used [0x00000000ec000000,0x00000000ec000000,0x00000000efc00000)
  from space 2560K, 100% used [0x00000000efe80000,0x00000000f0100000,0x00000000f0100000)
  to   space 2560K, 0% used [0x00000000efc00000,0x00000000efc00000,0x00000000efe80000)
 ParOldGen       total 40960K, used 8655K [0x00000000c4000000, 0x00000000c6800000, 0x00000000ec000000)
  object space 40960K, 21% used [0x00000000c4000000,0x00000000c4873dd0,0x00000000c6800000)
 Metaspace       used 14180K, capacity 14374K, committed 14720K, reserved 1062912K
  class space    used 1748K, capacity 1841K, committed 1920K, reserved 1048576K
}
Event: 3,932 GC heap before
{Heap before GC invocations=5 (full 0):
 PSYoungGen      total 64000K, used 64000K [0x00000000ec000000, 0x00000000f0100000, 0x0000000100000000)
  eden space 61440K, 100% used [0x00000000ec000000,0x00000000efc00000,0x00000000efc00000)
  from space 2560K, 100% used [0x00000000efe80000,0x00000000f0100000,0x00000000f0100000)
  to   space 2560K, 0% used [0x00000000efc00000,0x00000000efc00000,0x00000000efe80000)
 ParOldGen       total 40960K, used 8655K [0x00000000c4000000, 0x00000000c6800000, 0x00000000ec000000)
  object space 40960K, 21% used [0x00000000c4000000,0x00000000c4873dd0,0x00000000c6800000)
 Metaspace       used 15500K, capacity 15798K, committed 16128K, reserved 1062912K
  class space    used 1860K, capacity 1949K, committed 2048K, reserved 1048576K
Event: 3,962 GC heap after
Heap after GC invocations=5 (full 0):
 PSYoungGen      total 64000K, used 2544K [0x00000000ec000000, 0x00000000f4a00000, 0x0000000100000000)
  eden space 61440K, 0% used [0x00000000ec000000,0x00000000ec000000,0x00000000efc00000)
  from space 2560K, 99% used [0x00000000efc00000,0x00000000efe7c010,0x00000000efe80000)
  to   space 9216K, 0% used [0x00000000f4100000,0x00000000f4100000,0x00000000f4a00000)
 ParOldGen       total 40960K, used 12846K [0x00000000c4000000, 0x00000000c6800000, 0x00000000ec000000)
  object space 40960K, 31% used [0x00000000c4000000,0x00000000c4c8bae0,0x00000000c6800000)
 Metaspace       used 15500K, capacity 15798K, committed 16128K, reserved 1062912K
  class space    used 1860K, capacity 1949K, committed 2048K, reserved 1048576K
}
Event: 6,752 GC heap before
{Heap before GC invocations=6 (full 0):
 PSYoungGen      total 64000K, used 63984K [0x00000000ec000000, 0x00000000f4a00000, 0x0000000100000000)
  eden space 61440K, 100% used [0x00000000ec000000,0x00000000efc00000,0x00000000efc00000)
  from space 2560K, 99% used [0x00000000efc00000,0x00000000efe7c010,0x00000000efe80000)
  to   space 9216K, 0% used [0x00000000f4100000,0x00000000f4100000,0x00000000f4a00000)
 ParOldGen       total 40960K, used 12846K [0x00000000c4000000, 0x00000000c6800000, 0x00000000ec000000)
  object space 40960K, 31% used [0x00000000c4000000,0x00000000c4c8bae0,0x00000000c6800000)
 Metaspace       used 20111K, capacity 20474K, committed 20864K, reserved 1067008K
  class space    used 2436K, capacity 2573K, committed 2688K, reserved 1048576K
Event: 6,781 GC heap after
Heap after GC invocations=6 (full 0):
 PSYoungGen      total 128512K, used 9201K [0x00000000ec000000, 0x00000000f5100000, 0x0000000100000000)
  eden space 119296K, 0% used [0x00000000ec000000,0x00000000ec000000,0x00000000f3480000)
  from space 9216K, 99% used [0x00000000f4100000,0x00000000f49fc798,0x00000000f4a00000)
  to   space 12800K, 0% used [0x00000000f3480000,0x00000000f3480000,0x00000000f4100000)
 ParOldGen       total 40960K, used 16615K [0x00000000c4000000, 0x00000000c6800000, 0x00000000ec000000)
  object space 40960K, 40% used [0x00000000c4000000,0x00000000c5039f60,0x00000000c6800000)
 Metaspace       used 20111K, capacity 20474K, committed 20864K, reserved 1067008K
  class space    used 2436K, capacity 2573K, committed 2688K, reserved 1048576K
}
Event: 7,586 GC heap before
{Heap before GC invocations=7 (full 0):
 PSYoungGen      total 128512K, used 21227K [0x00000000ec000000, 0x00000000f5100000, 0x0000000100000000)
  eden space 119296K, 10% used [0x00000000ec000000,0x00000000ecbbe658,0x00000000f3480000)
  from space 9216K, 99% used [0x00000000f4100000,0x00000000f49fc798,0x00000000f4a00000)
  to   space 12800K, 0% used [0x00000000f3480000,0x00000000f3480000,0x00000000f4100000)
 ParOldGen       total 40960K, used 16615K [0x00000000c4000000, 0x00000000c6800000, 0x00000000ec000000)
  object space 40960K, 40% used [0x00000000c4000000,0x00000000c5039f60,0x00000000c6800000)
 Metaspace       used 20723K, capacity 21114K, committed 21296K, reserved 1069056K
  class space    used 2494K, capacity 2637K, committed 2688K, reserved 1048576K

